2025-02-12 23:31:06 [INFO] Создан продукт: Продукт{название='Творог', объем=0.5 л, срок хранения=5 дней}
2025-02-12 23:31:06 [INFO] Создан продукт: Продукт{название='Молоко', объем=1.0 л, срок хранения=7 дней}
2025-02-12 23:31:06 [INFO] Получено название продукта: Молоко
2025-02-12 23:31:06 [WARNING] Попытка создания продукта с некорректным объемом: 0.0
2025-02-12 23:31:06 [INFO] Создан продукт: Продукт{название='Йогурт', объем=2.5 л, срок хранения=10 дней}
2025-02-12 23:31:06 [INFO] Получен объём продукта Йогурт: 2.5 л
2025-02-12 23:31:06 [WARNING] Попытка создания продукта с некорректным сроком хранения: -5
2025-02-12 23:31:06 [INFO] Создан продукт: Продукт{название='Сыр', объем=1.5 л, срок хранения=15 дней}
2025-02-12 23:31:06 [INFO] Получен срок хранения продукта Сыр: 15 дней
2025-02-12 23:32:06 [INFO] Создан склад.
2025-02-12 23:32:06 [INFO] Создан продукт: Продукт{название='Молоко', объем=5.0 л, срок хранения=3 дней}
2025-02-12 23:32:06 [INFO] Добавлен продукт на склад: Продукт{название='Молоко', объем=5.0 л, срок хранения=3 дней}
2025-02-12 23:32:06 [INFO] Получен список продуктов на складе: [Продукт{название='Молоко', объем=5.0 л, срок хранения=3 дней}]
2025-02-12 23:32:06 [INFO] Получено название продукта: Молоко
2025-02-12 23:32:06 [INFO] Получен объём продукта Молоко: 5.0 л
2025-02-12 23:32:06 [INFO] Получен список продуктов на складе: [Продукт{название='Молоко', объем=5.0 л, срок хранения=3 дней}]
2025-02-12 23:32:06 [INFO] Получено название продукта: Молоко
2025-02-12 23:32:06 [INFO] Получен объём продукта Молоко: 5.0 л
2025-02-12 23:32:06 [INFO] Получен список продуктов на складе: [Продукт{название='Молоко', объем=5.0 л, срок хранения=3 дней}]
2025-02-12 23:32:06 [INFO] Создан продукт: Продукт{название='Кефир', объем=5.0 л, срок хранения=5 дней}
2025-02-12 23:32:06 [INFO] Добавлен продукт на склад: Продукт{название='Кефир', объем=5.0 л, срок хранения=5 дней}
2025-02-12 23:32:06 [INFO] Продукт создан и добавлен на склад: Продукт{название='Кефир', объем=5.0 л, срок хранения=5 дней}
2025-02-12 23:32:06 [INFO] Получено название продукта: Кефир
2025-02-12 23:32:06 [INFO] Получен объём продукта Кефир: 5.0 л
2025-02-12 23:32:06 [INFO] Получен список продуктов на складе: [Продукт{название='Кефир', объем=5.0 л, срок хранения=5 дней}]
2025-02-12 23:32:06 [INFO] Создан склад.
2025-02-12 23:32:06 [INFO] Создан продукт: Продукт{название='Молоко', объем=3.0 л, срок хранения=3 дней}
2025-02-12 23:32:06 [INFO] Добавлен продукт на склад: Продукт{название='Молоко', объем=3.0 л, срок хранения=3 дней}
2025-02-12 23:32:06 [INFO] Получен список продуктов на складе: [Продукт{название='Молоко', объем=3.0 л, срок хранения=3 дней}]
2025-02-12 23:32:06 [INFO] Получено название продукта: Молоко
2025-02-12 23:32:06 [INFO] Получен объём продукта Молоко: 3.0 л
2025-02-12 23:32:06 [INFO] Создан склад.
2025-02-12 23:32:06 [INFO] Создан продукт: Продукт{название='Молоко', объем=10.0 л, срок хранения=3 дней}
2025-02-12 23:32:06 [INFO] Добавлен продукт на склад: Продукт{название='Молоко', объем=10.0 л, срок хранения=3 дней}
2025-02-12 23:32:06 [INFO] Получен список продуктов на складе: [Продукт{название='Молоко', объем=10.0 л, срок хранения=3 дней}]
2025-02-12 23:32:06 [INFO] Получено название продукта: Молоко
2025-02-12 23:32:06 [INFO] Получен объём продукта Молоко: 10.0 л
2025-02-12 23:32:06 [INFO] Получен список продуктов на складе: [Продукт{название='Молоко', объем=10.0 л, срок хранения=3 дней}]
2025-02-12 23:32:06 [INFO] Получено название продукта: Молоко
2025-02-12 23:32:06 [INFO] Получен объём продукта Молоко: 10.0 л
2025-02-12 23:32:06 [INFO] Получен список продуктов на складе: [Продукт{название='Молоко', объем=10.0 л, срок хранения=3 дней}]
2025-02-12 23:32:06 [INFO] Создан продукт: Продукт{название='Молоко', объем=5.0 л, срок хранения=3 дней}
2025-02-12 23:32:06 [INFO] Добавлен продукт на склад: Продукт{название='Молоко', объем=5.0 л, срок хранения=3 дней}
2025-02-12 23:32:06 [INFO] Создан продукт: Продукт{название='Йогурт', объем=5.0 л, срок хранения=7 дней}
2025-02-12 23:32:06 [INFO] Добавлен продукт на склад: Продукт{название='Йогурт', объем=5.0 л, срок хранения=7 дней}
2025-02-12 23:32:06 [INFO] Продукт создан и добавлен на склад: Продукт{название='Йогурт', объем=5.0 л, срок хранения=7 дней}
2025-02-12 23:32:06 [INFO] Получено название продукта: Йогурт
2025-02-12 23:32:06 [INFO] Получен объём продукта Йогурт: 5.0 л
2025-02-12 23:32:06 [INFO] Получен срок хранения продукта Йогурт: 7 дней
2025-02-12 23:32:06 [INFO] Получен список продуктов на складе: [Продукт{название='Молоко', объем=5.0 л, срок хранения=3 дней}, Продукт{название='Йогурт', объем=5.0 л, срок хранения=7 дней}]
2025-02-12 23:32:06 [INFO] Получено название продукта: Молоко
2025-02-12 23:32:06 [INFO] Получен объём продукта Молоко: 5.0 л
2025-02-12 23:32:06 [INFO] Получено название продукта: Йогурт
2025-02-12 23:33:09 [INFO] Создан склад.
2025-02-12 23:33:09 [INFO] Создан продукт: Продукт{название='Молоко', объем=5.0 л, срок хранения=3 дней}
2025-02-12 23:33:09 [INFO] Добавлен продукт на склад: Продукт{название='Молоко', объем=5.0 л, срок хранения=3 дней}
2025-02-12 23:33:09 [INFO] Получен список продуктов на складе: [Продукт{название='Молоко', объем=5.0 л, срок хранения=3 дней}]
2025-02-12 23:33:09 [INFO] Получено название продукта: Молоко
2025-02-12 23:33:09 [INFO] Получен объём продукта Молоко: 5.0 л
2025-02-12 23:33:09 [INFO] Получен список продуктов на складе: [Продукт{название='Молоко', объем=5.0 л, срок хранения=3 дней}]
2025-02-12 23:33:09 [INFO] Получено название продукта: Молоко
2025-02-12 23:33:09 [INFO] Получен объём продукта Молоко: 5.0 л
2025-02-12 23:33:09 [INFO] Получен список продуктов на складе: [Продукт{название='Молоко', объем=5.0 л, срок хранения=3 дней}]
2025-02-12 23:33:09 [INFO] Создан продукт: Продукт{название='Кефир', объем=5.0 л, срок хранения=5 дней}
2025-02-12 23:33:09 [INFO] Добавлен продукт на склад: Продукт{название='Кефир', объем=5.0 л, срок хранения=5 дней}
2025-02-12 23:33:09 [INFO] Продукт создан и добавлен на склад: Продукт{название='Кефир', объем=5.0 л, срок хранения=5 дней}
2025-02-12 23:33:09 [INFO] Получено название продукта: Кефир
2025-02-12 23:33:09 [INFO] Получен объём продукта Кефир: 5.0 л
2025-02-12 23:33:09 [INFO] Получен список продуктов на складе: [Продукт{название='Кефир', объем=5.0 л, срок хранения=5 дней}]
2025-02-12 23:33:09 [INFO] Получено название продукта: Кефир
2025-02-12 23:45:04 [INFO] Создан склад.
2025-02-12 23:45:04 [INFO] Инициализация FarmService.
2025-02-12 23:45:04 [INFO] Добавлена корова: Корова{id=1, молоко=10.0 литров/день}
2025-02-12 23:45:04 [INFO] Состояние успешно сохранено в файл: farm_state.json
2025-02-12 23:45:04 [INFO] Создан склад.
2025-02-12 23:45:04 [INFO] Инициализация FarmService.
2025-02-12 23:45:04 [INFO] Добавлена корова: Корова{id=1, молоко=10.0 литров/день}
2025-02-12 23:45:04 [INFO] Добавлена корова: Корова{id=2, молоко=15.0 литров/день}
2025-02-12 23:45:04 [INFO] Всё стадо подоено. Итоговый объем молока: 25.0 л.
2025-02-12 23:45:04 [INFO] Создан склад.
2025-02-12 23:45:04 [INFO] Инициализация FarmService.
2025-02-12 23:45:04 [INFO] Создан продукт: Продукт{название='Молоко', объем=20.0 л, срок хранения=3 дней}
2025-02-12 23:45:04 [INFO] Добавлен продукт на склад: Продукт{название='Молоко', объем=20.0 л, срок хранения=3 дней}
2025-02-12 23:45:04 [INFO] Молоко добавлено на склад: Продукт{название='Молоко', объем=20.0 л, срок хранения=3 дней}
2025-02-12 23:45:04 [INFO] Создан продукт: Продукт{название='Йогурт', объем=5.0 л, срок хранения=7 дней}
2025-02-12 23:45:04 [INFO] Добавлен потребитель: Потребитель{имя='Магазин А'}
2025-02-12 23:45:04 [INFO] Получен список продуктов на складе: [Продукт{название='Молоко', объем=20.0 л, срок хранения=3 дней}]
2025-02-12 23:45:04 [WARNING] Попытка распределить продукт, которого нет на складе: Продукт{название='Йогурт', объем=5.0 л, срок хранения=7 дней}
2025-02-12 23:45:04 [INFO] Создан склад.
2025-02-12 23:45:04 [INFO] Инициализация FarmService.
2025-02-12 23:45:04 [INFO] Создан продукт: Продукт{название='Молоко', объем=10.0 л, срок хранения=3 дней}
2025-02-12 23:45:04 [INFO] Добавлен продукт на склад: Продукт{название='Молоко', объем=10.0 л, срок хранения=3 дней}
2025-02-12 23:45:04 [INFO] Молоко добавлено на склад: Продукт{название='Молоко', объем=10.0 л, срок хранения=3 дней}
2025-02-12 23:45:04 [INFO] Получен объект склада.
2025-02-12 23:45:04 [INFO] Получен список продуктов на складе: [Продукт{название='Молоко', объем=10.0 л, срок хранения=3 дней}]
2025-02-12 23:45:04 [INFO] Получен объём продукта Молоко: 10.0 л
2025-02-12 23:45:04 [INFO] Создан склад.
2025-02-12 23:45:04 [INFO] Инициализация FarmService.
2025-02-12 23:45:04 [INFO] Добавлена корова: Корова{id=1, молоко=10.0 литров/день}
2025-02-12 23:45:04 [INFO] Подоена корова Корова{id=1, молоко=10.0 литров/день}. Получено молока: by.rublevskaya.pinkmilk.model.Milk@57a3af25
2025-02-12 23:45:04 [INFO] Создан склад.
2025-02-12 23:45:04 [INFO] Инициализация FarmService.
2025-02-12 23:45:04 [INFO] Добавлена корова: Корова{id=1, молоко=10.0 литров/день}
2025-02-12 23:45:04 [INFO] Получен список коров: [Корова{id=1, молоко=10.0 литров/день}]
2025-02-12 23:45:04 [INFO] Создан склад.
2025-02-12 23:45:04 [INFO] Инициализация FarmService.
2025-02-12 23:45:04 [INFO] Добавлен потребитель: Потребитель{имя='Магазин А'}
2025-02-12 23:45:44 [INFO] Создан склад.
2025-02-12 23:45:44 [INFO] Инициализация FarmService.
2025-02-12 23:45:44 [INFO] Создан продукт: Продукт{название='Молоко', объем=20.0 л, срок хранения=3 дней}
2025-02-12 23:45:44 [INFO] Добавлен продукт на склад: Продукт{название='Молоко', объем=20.0 л, срок хранения=3 дней}
2025-02-12 23:45:44 [INFO] Молоко добавлено на склад: Продукт{название='Молоко', объем=20.0 л, срок хранения=3 дней}
2025-02-12 23:45:44 [INFO] Создан продукт: Продукт{название='Йогурт', объем=5.0 л, срок хранения=7 дней}
2025-02-12 23:45:44 [INFO] Получен объект склада.
2025-02-12 23:45:44 [INFO] Добавлен продукт на склад: Продукт{название='Йогурт', объем=5.0 л, срок хранения=7 дней}
2025-02-12 23:45:44 [INFO] Добавлен потребитель: Потребитель{имя='Магазин А'}
2025-02-12 23:45:44 [INFO] Получен список продуктов на складе: [Продукт{название='Молоко', объем=20.0 л, срок хранения=3 дней}, Продукт{название='Йогурт', объем=5.0 л, срок хранения=7 дней}]
2025-02-12 23:45:44 [INFO] Продукт Продукт{название='Йогурт', объем=5.0 л, срок хранения=7 дней} распределен потребителю: Потребитель{имя='Магазин А'}
2025-02-12 23:45:44 [INFO] Получен объект склада.
2025-02-12 23:45:44 [INFO] Получен список продуктов на складе: [Продукт{название='Молоко', объем=20.0 л, срок хранения=3 дней}]
2025-02-12 23:45:44 [INFO] Получено название продукта: Молоко
2025-02-12 23:45:49 [INFO] Создан склад.
2025-02-12 23:45:49 [INFO] Инициализация FarmService.
2025-02-12 23:45:49 [INFO] Добавлена корова: Корова{id=1, молоко=10.0 литров/день}
2025-02-12 23:45:49 [INFO] Состояние успешно сохранено в файл: farm_state.json
2025-02-12 23:45:49 [INFO] Создан склад.
2025-02-12 23:45:49 [INFO] Инициализация FarmService.
2025-02-12 23:45:49 [INFO] Добавлена корова: Корова{id=1, молоко=10.0 литров/день}
2025-02-12 23:45:49 [INFO] Добавлена корова: Корова{id=2, молоко=15.0 литров/день}
2025-02-12 23:45:49 [INFO] Всё стадо подоено. Итоговый объем молока: 25.0 л.
2025-02-12 23:45:49 [INFO] Создан склад.
2025-02-12 23:45:49 [INFO] Инициализация FarmService.
2025-02-12 23:45:49 [INFO] Создан продукт: Продукт{название='Молоко', объем=20.0 л, срок хранения=3 дней}
2025-02-12 23:45:49 [INFO] Добавлен продукт на склад: Продукт{название='Молоко', объем=20.0 л, срок хранения=3 дней}
2025-02-12 23:45:49 [INFO] Молоко добавлено на склад: Продукт{название='Молоко', объем=20.0 л, срок хранения=3 дней}
2025-02-12 23:45:49 [INFO] Создан продукт: Продукт{название='Йогурт', объем=5.0 л, срок хранения=7 дней}
2025-02-12 23:45:49 [INFO] Получен объект склада.
2025-02-12 23:45:49 [INFO] Добавлен продукт на склад: Продукт{название='Йогурт', объем=5.0 л, срок хранения=7 дней}
2025-02-12 23:45:49 [INFO] Добавлен потребитель: Потребитель{имя='Магазин А'}
2025-02-12 23:45:49 [INFO] Получен список продуктов на складе: [Продукт{название='Молоко', объем=20.0 л, срок хранения=3 дней}, Продукт{название='Йогурт', объем=5.0 л, срок хранения=7 дней}]
2025-02-12 23:45:49 [INFO] Продукт Продукт{название='Йогурт', объем=5.0 л, срок хранения=7 дней} распределен потребителю: Потребитель{имя='Магазин А'}
2025-02-12 23:45:49 [INFO] Получен объект склада.
2025-02-12 23:45:49 [INFO] Получен список продуктов на складе: [Продукт{название='Молоко', объем=20.0 л, срок хранения=3 дней}]
2025-02-12 23:45:49 [INFO] Получено название продукта: Молоко
2025-02-12 23:45:49 [INFO] Создан склад.
2025-02-12 23:45:49 [INFO] Инициализация FarmService.
2025-02-12 23:45:49 [INFO] Создан продукт: Продукт{название='Молоко', объем=10.0 л, срок хранения=3 дней}
2025-02-12 23:45:49 [INFO] Добавлен продукт на склад: Продукт{название='Молоко', объем=10.0 л, срок хранения=3 дней}
2025-02-12 23:45:49 [INFO] Молоко добавлено на склад: Продукт{название='Молоко', объем=10.0 л, срок хранения=3 дней}
2025-02-12 23:45:49 [INFO] Получен объект склада.
2025-02-12 23:45:49 [INFO] Получен список продуктов на складе: [Продукт{название='Молоко', объем=10.0 л, срок хранения=3 дней}]
2025-02-12 23:45:49 [INFO] Получен объём продукта Молоко: 10.0 л
2025-02-12 23:45:49 [INFO] Создан склад.
2025-02-12 23:45:49 [INFO] Инициализация FarmService.
2025-02-12 23:45:49 [INFO] Добавлена корова: Корова{id=1, молоко=10.0 литров/день}
2025-02-12 23:45:49 [INFO] Подоена корова Корова{id=1, молоко=10.0 литров/день}. Получено молока: by.rublevskaya.pinkmilk.model.Milk@1189dd52
2025-02-12 23:45:49 [INFO] Создан склад.
2025-02-12 23:45:49 [INFO] Инициализация FarmService.
2025-02-12 23:45:49 [INFO] Добавлена корова: Корова{id=1, молоко=10.0 литров/день}
2025-02-12 23:45:49 [INFO] Получен список коров: [Корова{id=1, молоко=10.0 литров/день}]
2025-02-12 23:45:49 [INFO] Создан склад.
2025-02-12 23:45:49 [INFO] Инициализация FarmService.
2025-02-12 23:45:49 [INFO] Добавлен потребитель: Потребитель{имя='Магазин А'}
2025-02-12 23:51:43 [INFO] Создан склад.
2025-02-12 23:51:43 [INFO] Создан продукт: Продукт{название='Milk', объем=10.0 л, срок хранения=5 дней}
2025-02-12 23:51:43 [INFO] Создан продукт: Продукт{название='Bread', объем=5.0 л, срок хранения=10 дней}
2025-02-12 23:51:43 [INFO] Добавлен продукт на склад: Продукт{название='Milk', объем=10.0 л, срок хранения=5 дней}
2025-02-12 23:51:43 [INFO] Добавлен продукт на склад: Продукт{название='Bread', объем=5.0 л, срок хранения=10 дней}
2025-02-12 23:51:43 [INFO] Создан склад.
2025-02-12 23:51:43 [WARNING] Попытка добавить null-продукт на склад.
2025-02-12 23:51:43 [INFO] Создан склад.
2025-02-12 23:51:43 [WARNING] Продукт с названием NonExistentProduct не найден на складе.
2025-02-12 23:51:43 [INFO] Создан склад.
2025-02-12 23:51:43 [INFO] Создан продукт: Продукт{название='Juice', объем=8.0 л, срок хранения=2 дней}
2025-02-12 23:51:43 [INFO] Добавлен продукт на склад: Продукт{название='Juice', объем=8.0 л, срок хранения=2 дней}
2025-02-12 23:51:43 [INFO] Получено название продукта: Juice
2025-02-12 23:51:43 [INFO] Удален продукт с названием: Juice
2025-02-12 23:51:43 [INFO] Получен список продуктов на складе: []
2025-02-12 23:51:43 [INFO] Создан склад.
2025-02-12 23:51:43 [INFO] Создан продукт: Продукт{название='Milk', объем=10.0 л, срок хранения=5 дней}
2025-02-12 23:51:43 [INFO] Создан продукт: Продукт{название='Bread', объем=5.0 л, срок хранения=10 дней}
2025-02-12 23:51:43 [INFO] Добавлен продукт на склад: Продукт{название='Milk', объем=10.0 л, срок хранения=5 дней}
2025-02-12 23:51:43 [INFO] Добавлен продукт на склад: Продукт{название='Bread', объем=5.0 л, срок хранения=10 дней}
2025-02-12 23:51:43 [INFO] Получен список продуктов на складе: [Продукт{название='Milk', объем=10.0 л, срок хранения=5 дней}, Продукт{название='Bread', объем=5.0 л, срок хранения=10 дней}]
2025-02-12 23:51:43 [INFO] Создан склад.
2025-02-12 23:51:43 [INFO] Создан продукт: Продукт{название='Milk', объем=10.0 л, срок хранения=5 дней}
2025-02-12 23:51:43 [INFO] Добавлен продукт на склад: Продукт{название='Milk', объем=10.0 л, срок хранения=5 дней}
2025-02-12 23:51:43 [INFO] Получен список продуктов на складе: [Продукт{название='Milk', объем=10.0 л, срок хранения=5 дней}]
2025-02-12 23:51:53 [INFO] Создан продукт: Продукт{название='Творог', объем=0.5 л, срок хранения=5 дней}
2025-02-12 23:51:53 [INFO] Создан продукт: Продукт{название='Молоко', объем=1.0 л, срок хранения=7 дней}
2025-02-12 23:51:53 [INFO] Получено название продукта: Молоко
2025-02-12 23:51:53 [WARNING] Попытка создания продукта с некорректным объемом: 0.0
2025-02-12 23:51:53 [INFO] Создан продукт: Продукт{название='Йогурт', объем=2.5 л, срок хранения=10 дней}
2025-02-12 23:51:53 [INFO] Получен объём продукта Йогурт: 2.5 л
2025-02-12 23:51:53 [WARNING] Попытка создания продукта с некорректным сроком хранения: -5
2025-02-12 23:51:53 [INFO] Создан продукт: Продукт{название='Сыр', объем=1.5 л, срок хранения=15 дней}
2025-02-12 23:51:53 [INFO] Получен срок хранения продукта Сыр: 15 дней
2025-02-12 23:51:53 [INFO] Создан склад.
2025-02-12 23:51:53 [INFO] Создан продукт: Продукт{название='Молоко', объем=5.0 л, срок хранения=3 дней}
2025-02-12 23:51:53 [INFO] Добавлен продукт на склад: Продукт{название='Молоко', объем=5.0 л, срок хранения=3 дней}
2025-02-12 23:51:53 [INFO] Получен список продуктов на складе: [Продукт{название='Молоко', объем=5.0 л, срок хранения=3 дней}]
2025-02-12 23:51:53 [INFO] Получено название продукта: Молоко
2025-02-12 23:51:53 [INFO] Получен объём продукта Молоко: 5.0 л
2025-02-12 23:51:53 [INFO] Получен список продуктов на складе: [Продукт{название='Молоко', объем=5.0 л, срок хранения=3 дней}]
2025-02-12 23:51:53 [INFO] Получено название продукта: Молоко
2025-02-12 23:51:53 [INFO] Получен объём продукта Молоко: 5.0 л
2025-02-12 23:51:53 [INFO] Получен список продуктов на складе: [Продукт{название='Молоко', объем=5.0 л, срок хранения=3 дней}]
2025-02-12 23:51:53 [INFO] Создан продукт: Продукт{название='Кефир', объем=5.0 л, срок хранения=5 дней}
2025-02-12 23:51:53 [INFO] Добавлен продукт на склад: Продукт{название='Кефир', объем=5.0 л, срок хранения=5 дней}
2025-02-12 23:51:53 [INFO] Продукт создан и добавлен на склад: Продукт{название='Кефир', объем=5.0 л, срок хранения=5 дней}
2025-02-12 23:51:53 [INFO] Получено название продукта: Кефир
2025-02-12 23:51:53 [INFO] Получен объём продукта Кефир: 5.0 л
2025-02-12 23:51:53 [INFO] Получен список продуктов на складе: [Продукт{название='Кефир', объем=5.0 л, срок хранения=5 дней}]
2025-02-12 23:51:53 [INFO] Получено название продукта: Кефир
2025-02-12 23:51:53 [INFO] Создан склад.
2025-02-12 23:51:53 [INFO] Создан продукт: Продукт{название='Молоко', объем=3.0 л, срок хранения=3 дней}
2025-02-12 23:51:53 [INFO] Добавлен продукт на склад: Продукт{название='Молоко', объем=3.0 л, срок хранения=3 дней}
2025-02-12 23:51:53 [INFO] Получен список продуктов на складе: [Продукт{название='Молоко', объем=3.0 л, срок хранения=3 дней}]
2025-02-12 23:51:53 [INFO] Получено название продукта: Молоко
2025-02-12 23:51:53 [INFO] Получен объём продукта Молоко: 3.0 л
2025-02-12 23:51:53 [INFO] Создан склад.
2025-02-12 23:51:53 [INFO] Создан продукт: Продукт{название='Молоко', объем=10.0 л, срок хранения=3 дней}
2025-02-12 23:51:53 [INFO] Добавлен продукт на склад: Продукт{название='Молоко', объем=10.0 л, срок хранения=3 дней}
2025-02-12 23:51:53 [INFO] Получен список продуктов на складе: [Продукт{название='Молоко', объем=10.0 л, срок хранения=3 дней}]
2025-02-12 23:51:53 [INFO] Получено название продукта: Молоко
2025-02-12 23:51:53 [INFO] Получен объём продукта Молоко: 10.0 л
2025-02-12 23:51:53 [INFO] Получен список продуктов на складе: [Продукт{название='Молоко', объем=10.0 л, срок хранения=3 дней}]
2025-02-12 23:51:53 [INFO] Получено название продукта: Молоко
2025-02-12 23:51:53 [INFO] Получен объём продукта Молоко: 10.0 л
2025-02-12 23:51:53 [INFO] Получен список продуктов на складе: [Продукт{название='Молоко', объем=10.0 л, срок хранения=3 дней}]
2025-02-12 23:51:53 [INFO] Создан продукт: Продукт{название='Молоко', объем=5.0 л, срок хранения=3 дней}
2025-02-12 23:51:53 [INFO] Добавлен продукт на склад: Продукт{название='Молоко', объем=5.0 л, срок хранения=3 дней}
2025-02-12 23:51:53 [INFO] Создан продукт: Продукт{название='Йогурт', объем=5.0 л, срок хранения=7 дней}
2025-02-12 23:51:53 [INFO] Добавлен продукт на склад: Продукт{название='Йогурт', объем=5.0 л, срок хранения=7 дней}
2025-02-12 23:51:53 [INFO] Продукт создан и добавлен на склад: Продукт{название='Йогурт', объем=5.0 л, срок хранения=7 дней}
2025-02-12 23:51:53 [INFO] Получено название продукта: Йогурт
2025-02-12 23:51:53 [INFO] Получен объём продукта Йогурт: 5.0 л
2025-02-12 23:51:53 [INFO] Получен срок хранения продукта Йогурт: 7 дней
2025-02-12 23:51:53 [INFO] Получен список продуктов на складе: [Продукт{название='Молоко', объем=5.0 л, срок хранения=3 дней}, Продукт{название='Йогурт', объем=5.0 л, срок хранения=7 дней}]
2025-02-12 23:51:53 [INFO] Получено название продукта: Молоко
2025-02-12 23:51:53 [INFO] Получен объём продукта Молоко: 5.0 л
2025-02-12 23:51:53 [INFO] Получено название продукта: Йогурт
2025-02-12 23:51:53 [INFO] Создан склад.
2025-02-12 23:51:53 [INFO] Инициализация FarmService.
2025-02-12 23:51:53 [INFO] Добавлена корова: Корова{id=1, молоко=10.0 литров/день}
2025-02-12 23:51:53 [INFO] Состояние успешно сохранено в файл: farm_state.json
2025-02-12 23:51:53 [INFO] Создан склад.
2025-02-12 23:51:53 [INFO] Инициализация FarmService.
2025-02-12 23:51:53 [INFO] Добавлена корова: Корова{id=1, молоко=10.0 литров/день}
2025-02-12 23:51:53 [INFO] Добавлена корова: Корова{id=2, молоко=15.0 литров/день}
2025-02-12 23:51:53 [INFO] Всё стадо подоено. Итоговый объем молока: 25.0 л.
2025-02-12 23:51:53 [INFO] Создан склад.
2025-02-12 23:51:53 [INFO] Инициализация FarmService.
2025-02-12 23:51:53 [INFO] Создан продукт: Продукт{название='Молоко', объем=20.0 л, срок хранения=3 дней}
2025-02-12 23:51:53 [INFO] Добавлен продукт на склад: Продукт{название='Молоко', объем=20.0 л, срок хранения=3 дней}
2025-02-12 23:51:53 [INFO] Молоко добавлено на склад: Продукт{название='Молоко', объем=20.0 л, срок хранения=3 дней}
2025-02-12 23:51:53 [INFO] Создан продукт: Продукт{название='Йогурт', объем=5.0 л, срок хранения=7 дней}
2025-02-12 23:51:53 [INFO] Получен объект склада.
2025-02-12 23:51:53 [INFO] Добавлен продукт на склад: Продукт{название='Йогурт', объем=5.0 л, срок хранения=7 дней}
2025-02-12 23:51:53 [INFO] Добавлен потребитель: Потребитель{имя='Магазин А'}
2025-02-12 23:51:53 [INFO] Получен список продуктов на складе: [Продукт{название='Молоко', объем=20.0 л, срок хранения=3 дней}, Продукт{название='Йогурт', объем=5.0 л, срок хранения=7 дней}]
2025-02-12 23:51:53 [INFO] Продукт Продукт{название='Йогурт', объем=5.0 л, срок хранения=7 дней} распределен потребителю: Потребитель{имя='Магазин А'}
2025-02-12 23:51:53 [INFO] Получен объект склада.
2025-02-12 23:51:53 [INFO] Получен список продуктов на складе: [Продукт{название='Молоко', объем=20.0 л, срок хранения=3 дней}]
2025-02-12 23:51:53 [INFO] Получено название продукта: Молоко
2025-02-12 23:51:53 [INFO] Создан склад.
2025-02-12 23:51:53 [INFO] Инициализация FarmService.
2025-02-12 23:51:53 [INFO] Создан продукт: Продукт{название='Молоко', объем=10.0 л, срок хранения=3 дней}
2025-02-12 23:51:53 [INFO] Добавлен продукт на склад: Продукт{название='Молоко', объем=10.0 л, срок хранения=3 дней}
2025-02-12 23:51:53 [INFO] Молоко добавлено на склад: Продукт{название='Молоко', объем=10.0 л, срок хранения=3 дней}
2025-02-12 23:51:53 [INFO] Получен объект склада.
2025-02-12 23:51:53 [INFO] Получен список продуктов на складе: [Продукт{название='Молоко', объем=10.0 л, срок хранения=3 дней}]
2025-02-12 23:51:53 [INFO] Получен объём продукта Молоко: 10.0 л
2025-02-12 23:51:53 [INFO] Создан склад.
2025-02-12 23:51:53 [INFO] Инициализация FarmService.
2025-02-12 23:51:53 [INFO] Добавлена корова: Корова{id=1, молоко=10.0 литров/день}
2025-02-12 23:51:53 [INFO] Подоена корова Корова{id=1, молоко=10.0 литров/день}. Получено молока: by.rublevskaya.pinkmilk.model.Milk@7c37508a
2025-02-12 23:51:53 [INFO] Создан склад.
2025-02-12 23:51:53 [INFO] Инициализация FarmService.
2025-02-12 23:51:53 [INFO] Добавлена корова: Корова{id=1, молоко=10.0 литров/день}
2025-02-12 23:51:53 [INFO] Получен список коров: [Корова{id=1, молоко=10.0 литров/день}]
2025-02-12 23:51:53 [INFO] Создан склад.
2025-02-12 23:51:53 [INFO] Инициализация FarmService.
2025-02-12 23:51:53 [INFO] Добавлен потребитель: Потребитель{имя='Магазин А'}
2025-02-12 23:51:53 [INFO] Создан склад.
2025-02-12 23:51:53 [INFO] Создан продукт: Продукт{название='Milk', объем=10.0 л, срок хранения=5 дней}
2025-02-12 23:51:53 [INFO] Создан продукт: Продукт{название='Bread', объем=5.0 л, срок хранения=10 дней}
2025-02-12 23:51:53 [INFO] Добавлен продукт на склад: Продукт{название='Milk', объем=10.0 л, срок хранения=5 дней}
2025-02-12 23:51:53 [INFO] Добавлен продукт на склад: Продукт{название='Bread', объем=5.0 л, срок хранения=10 дней}
2025-02-12 23:51:53 [INFO] Создан склад.
2025-02-12 23:51:53 [WARNING] Попытка добавить null-продукт на склад.
2025-02-12 23:51:53 [INFO] Создан склад.
2025-02-12 23:51:53 [WARNING] Продукт с названием NonExistentProduct не найден на складе.
2025-02-12 23:51:53 [INFO] Создан склад.
2025-02-12 23:51:53 [INFO] Создан продукт: Продукт{название='Juice', объем=8.0 л, срок хранения=2 дней}
2025-02-12 23:51:53 [INFO] Добавлен продукт на склад: Продукт{название='Juice', объем=8.0 л, срок хранения=2 дней}
2025-02-12 23:51:53 [INFO] Получено название продукта: Juice
2025-02-12 23:51:53 [INFO] Удален продукт с названием: Juice
2025-02-12 23:51:53 [INFO] Получен список продуктов на складе: []
2025-02-12 23:51:53 [INFO] Создан склад.
2025-02-12 23:51:53 [INFO] Создан продукт: Продукт{название='Milk', объем=10.0 л, срок хранения=5 дней}
2025-02-12 23:51:53 [INFO] Создан продукт: Продукт{название='Bread', объем=5.0 л, срок хранения=10 дней}
2025-02-12 23:51:53 [INFO] Добавлен продукт на склад: Продукт{название='Milk', объем=10.0 л, срок хранения=5 дней}
2025-02-12 23:51:53 [INFO] Добавлен продукт на склад: Продукт{название='Bread', объем=5.0 л, срок хранения=10 дней}
2025-02-12 23:51:53 [INFO] Получен список продуктов на складе: [Продукт{название='Milk', объем=10.0 л, срок хранения=5 дней}, Продукт{название='Bread', объем=5.0 л, срок хранения=10 дней}]
2025-02-12 23:51:53 [INFO] Создан склад.
2025-02-12 23:51:53 [INFO] Создан продукт: Продукт{название='Milk', объем=10.0 л, срок хранения=5 дней}
2025-02-12 23:51:53 [INFO] Добавлен продукт на склад: Продукт{название='Milk', объем=10.0 л, срок хранения=5 дней}
2025-02-12 23:51:53 [INFO] Получен список продуктов на складе: [Продукт{название='Milk', объем=10.0 л, срок хранения=5 дней}]
2025-02-12 23:56:59 [INFO] Создан склад.
2025-02-12 23:56:59 [INFO] Инициализация FarmService.
2025-02-12 23:56:59 [INFO] Добавлена корова: Корова{id=1, молоко=10.0 литров/день}
2025-02-12 23:56:59 [INFO] Состояние успешно сохранено в файл: farm_state.json
2025-02-12 23:56:59 [INFO] Создан склад.
2025-02-12 23:56:59 [INFO] Инициализация FarmService.
2025-02-12 23:56:59 [INFO] Добавлена корова: Корова{id=1, молоко=10.0 литров/день}
2025-02-12 23:56:59 [INFO] Добавлена корова: Корова{id=2, молоко=15.0 литров/день}
2025-02-12 23:56:59 [INFO] Всё стадо подоено. Итоговый объем молока: 25.0 л.
2025-02-12 23:56:59 [INFO] Создан склад.
2025-02-12 23:56:59 [INFO] Инициализация FarmService.
2025-02-12 23:56:59 [INFO] Создан продукт: Продукт{название='Молоко', объем=20.0 л, срок хранения=3 дней}
2025-02-12 23:56:59 [INFO] Добавлен продукт на склад: Продукт{название='Молоко', объем=20.0 л, срок хранения=3 дней}
2025-02-12 23:56:59 [INFO] Молоко добавлено на склад: Продукт{название='Молоко', объем=20.0 л, срок хранения=3 дней}
2025-02-12 23:56:59 [INFO] Создан продукт: Продукт{название='Йогурт', объем=5.0 л, срок хранения=7 дней}
2025-02-12 23:56:59 [INFO] Получен объект склада.
2025-02-12 23:56:59 [INFO] Добавлен продукт на склад: Продукт{название='Йогурт', объем=5.0 л, срок хранения=7 дней}
2025-02-12 23:56:59 [INFO] Добавлен потребитель: Потребитель{имя='Магазин А'}
2025-02-12 23:56:59 [INFO] Получен список продуктов на складе: [Продукт{название='Молоко', объем=20.0 л, срок хранения=3 дней}, Продукт{название='Йогурт', объем=5.0 л, срок хранения=7 дней}]
2025-02-12 23:56:59 [INFO] Продукт Продукт{название='Йогурт', объем=5.0 л, срок хранения=7 дней} распределен потребителю: Потребитель{имя='Магазин А'}
2025-02-12 23:56:59 [INFO] Получен объект склада.
2025-02-12 23:56:59 [INFO] Получен список продуктов на складе: [Продукт{название='Молоко', объем=20.0 л, срок хранения=3 дней}]
2025-02-12 23:56:59 [INFO] Получено название продукта: Молоко
2025-02-12 23:56:59 [INFO] Создан склад.
2025-02-12 23:56:59 [INFO] Инициализация FarmService.
2025-02-12 23:56:59 [INFO] Создан продукт: Продукт{название='Молоко', объем=10.0 л, срок хранения=3 дней}
2025-02-12 23:56:59 [INFO] Добавлен продукт на склад: Продукт{название='Молоко', объем=10.0 л, срок хранения=3 дней}
2025-02-12 23:56:59 [INFO] Молоко добавлено на склад: Продукт{название='Молоко', объем=10.0 л, срок хранения=3 дней}
2025-02-12 23:56:59 [INFO] Получен объект склада.
2025-02-12 23:56:59 [INFO] Получен список продуктов на складе: [Продукт{название='Молоко', объем=10.0 л, срок хранения=3 дней}]
2025-02-12 23:56:59 [INFO] Получен объём продукта Молоко: 10.0 л
2025-02-12 23:56:59 [INFO] Создан склад.
2025-02-12 23:56:59 [INFO] Инициализация FarmService.
2025-02-12 23:56:59 [INFO] Добавлена корова: Корова{id=1, молоко=10.0 литров/день}
2025-02-12 23:56:59 [INFO] Подоена корова Корова{id=1, молоко=10.0 литров/день}. Получено молока: by.rublevskaya.pinkmilk.model.Milk@1189dd52
2025-02-12 23:56:59 [INFO] Создан склад.
2025-02-12 23:56:59 [INFO] Инициализация FarmService.
2025-02-12 23:56:59 [INFO] Добавлена корова: Корова{id=1, молоко=10.0 литров/день}
2025-02-12 23:56:59 [INFO] Получен список коров: [Корова{id=1, молоко=10.0 литров/день}]
2025-02-12 23:56:59 [INFO] Создан склад.
2025-02-12 23:56:59 [INFO] Инициализация FarmService.
2025-02-12 23:56:59 [INFO] Добавлен потребитель: Потребитель{имя='Магазин А'}
2025-02-13 13:07:06 [INFO] Создан склад
2025-02-13 13:07:06 [INFO] Инициализация FarmService.
2025-02-13 13:07:06 [INFO] Получен объект склада.
2025-02-13 13:07:12 [INFO] Добавлена корова: Корова{id=1, молоко=1.0 литров/день}
2025-02-13 13:07:18 [INFO] Получен список коров: [Корова{id=1, молоко=1.0 литров/день}]
2025-02-13 14:20:02 [INFO] Создан склад
2025-02-13 14:20:02 [INFO] Инициализация FarmService.
2025-02-13 14:20:02 [INFO] Получен объект склада.
2025-02-13 14:20:05 [INFO] Добавлена корова: Корова{id=1, молоко=1.0 литров/день}
2025-02-13 14:20:11 [INFO] Получен список коров: [Корова{id=1, молоко=1.0 литров/день}]
